<?xml version="1.0" encoding="UTF-8"?>
<coverage generated="1521152818">
  <project timestamp="1521152818">
    <package name="Silverback\ApiComponentBundle\Command">
      <file name="/Volumes/LaCie/GitHub/_Bundles/api-component-bundle/src/Command/FormCacheClear.php">
        <class name="Silverback\ApiComponentBundle\Command\FormCacheClear" namespace="Silverback\ApiComponentBundle\Command">
          <metrics complexity="8" methods="4" coveredmethods="4" conditionals="0" coveredconditionals="0" statements="23" coveredstatements="23" elements="27" coveredelements="27"/>
        </class>
        <line num="23" type="method" name="__construct" visibility="public" complexity="2" crap="2" count="1"/>
        <line num="27" type="stmt" count="1"/>
        <line num="28" type="stmt" count="1"/>
        <line num="29" type="stmt" count="1"/>
        <line num="34" type="method" name="configure" visibility="protected" complexity="1" crap="1" count="1"/>
        <line num="37" type="stmt" count="1"/>
        <line num="38" type="stmt" count="1"/>
        <line num="40" type="stmt" count="1"/>
        <line num="48" type="method" name="execute" visibility="protected" complexity="2" crap="2" count="1"/>
        <line num="50" type="stmt" count="1"/>
        <line num="52" type="stmt" count="1"/>
        <line num="53" type="stmt" count="1"/>
        <line num="54" type="stmt" count="1"/>
        <line num="55" type="stmt" count="1"/>
        <line num="57" type="stmt" count="1"/>
        <line num="58" type="stmt" count="1"/>
        <line num="64" type="method" name="updateFormTimestamp" visibility="private" complexity="3" crap="3" count="1"/>
        <line num="66" type="stmt" count="1"/>
        <line num="67" type="stmt" count="1"/>
        <line num="68" type="stmt" count="1"/>
        <line num="69" type="stmt" count="1"/>
        <line num="71" type="stmt" count="1"/>
        <line num="72" type="stmt" count="1"/>
        <line num="73" type="stmt" count="1"/>
        <line num="74" type="stmt" count="1"/>
        <line num="75" type="stmt" count="1"/>
        <line num="77" type="stmt" count="1"/>
        <metrics loc="78" ncloc="59" classes="1" methods="4" coveredmethods="4" conditionals="0" coveredconditionals="0" statements="23" coveredstatements="23" elements="27" coveredelements="27"/>
      </file>
      <file name="/Volumes/LaCie/GitHub/_Bundles/api-component-bundle/src/Command/LoadFixturesCommand.php">
        <class name="Silverback\ApiComponentBundle\Command\LoadFixturesCommand" namespace="Silverback\ApiComponentBundle\Command">
          <metrics complexity="2" methods="2" coveredmethods="2" conditionals="0" coveredconditionals="0" statements="21" coveredstatements="21" elements="23" coveredelements="23"/>
        </class>
        <line num="15" type="method" name="configure" visibility="protected" complexity="1" crap="1" count="1"/>
        <line num="18" type="stmt" count="1"/>
        <line num="19" type="stmt" count="1"/>
        <line num="21" type="stmt" count="1"/>
        <line num="29" type="method" name="execute" visibility="protected" complexity="1" crap="1" count="1"/>
        <line num="31" type="stmt" count="1"/>
        <line num="33" type="stmt" count="1"/>
        <line num="35" type="stmt" count="1"/>
        <line num="36" type="stmt" count="1"/>
        <line num="38" type="stmt" count="1"/>
        <line num="39" type="stmt" count="1"/>
        <line num="40" type="stmt" count="1"/>
        <line num="41" type="stmt" count="1"/>
        <line num="43" type="stmt" count="1"/>
        <line num="44" type="stmt" count="1"/>
        <line num="45" type="stmt" count="1"/>
        <line num="46" type="stmt" count="1"/>
        <line num="47" type="stmt" count="1"/>
        <line num="49" type="stmt" count="1"/>
        <line num="50" type="stmt" count="1"/>
        <line num="51" type="stmt" count="1"/>
        <line num="52" type="stmt" count="1"/>
        <line num="53" type="stmt" count="1"/>
        <metrics loc="54" ncloc="45" classes="1" methods="2" coveredmethods="2" conditionals="0" coveredconditionals="0" statements="21" coveredstatements="21" elements="23" coveredelements="23"/>
      </file>
    </package>
    <package name="Silverback\ApiComponentBundle\Controller">
      <file name="/Volumes/LaCie/GitHub/_Bundles/api-component-bundle/src/Controller/AbstractForm.php">
        <class name="Silverback\ApiComponentBundle\Controller\AbstractForm" namespace="Silverback\ApiComponentBundle\Controller">
          <metrics complexity="7" methods="4" coveredmethods="3" conditionals="0" coveredconditionals="0" statements="15" coveredstatements="13" elements="19" coveredelements="16"/>
        </class>
        <line num="37" type="method" name="__construct" visibility="public" complexity="1" crap="1" count="2"/>
        <line num="42" type="stmt" count="2"/>
        <line num="43" type="stmt" count="2"/>
        <line num="44" type="stmt" count="2"/>
        <line num="45" type="stmt" count="2"/>
        <line num="56" type="method" name="getResponse" visibility="protected" complexity="3" crap="3" count="2"/>
        <line num="58" type="stmt" count="2"/>
        <line num="59" type="stmt" count="2"/>
        <line num="61" type="stmt" count="2"/>
        <line num="62" type="stmt" count="2"/>
        <line num="63" type="stmt" count="2"/>
        <line num="70" type="method" name="getFormValid" visibility="protected" complexity="1" crap="1" count="1"/>
        <line num="72" type="stmt" count="1"/>
        <line num="81" type="method" name="deserializeFormData" visibility="public" complexity="2" crap="2.26" count="2"/>
        <line num="83" type="stmt" count="2"/>
        <line num="84" type="stmt" count="2"/>
        <line num="85" type="stmt" count="0"/>
        <line num="86" type="stmt" count="0"/>
        <line num="89" type="stmt" count="2"/>
        <metrics loc="91" ncloc="57" classes="1" methods="4" coveredmethods="3" conditionals="0" coveredconditionals="0" statements="15" coveredstatements="13" elements="19" coveredelements="16"/>
      </file>
      <file name="/Volumes/LaCie/GitHub/_Bundles/api-component-bundle/src/Controller/FormSubmitPatch.php">
        <class name="Silverback\ApiComponentBundle\Controller\FormSubmitPatch" namespace="Silverback\ApiComponentBundle\Controller">
          <metrics complexity="5" methods="1" coveredmethods="0" conditionals="0" coveredconditionals="0" statements="16" coveredstatements="7" elements="17" coveredelements="7"/>
        </class>
        <line num="31" type="method" name="__invoke" visibility="public" complexity="5" crap="9.45" count="1"/>
        <line num="33" type="stmt" count="1"/>
        <line num="34" type="stmt" count="1"/>
        <line num="35" type="stmt" count="1"/>
        <line num="37" type="stmt" count="1"/>
        <line num="38" type="stmt" count="1"/>
        <line num="39" type="stmt" count="1"/>
        <line num="40" type="stmt" count="1"/>
        <line num="43" type="stmt" count="0"/>
        <line num="44" type="stmt" count="0"/>
        <line num="45" type="stmt" count="0"/>
        <line num="46" type="stmt" count="0"/>
        <line num="47" type="stmt" count="0"/>
        <line num="48" type="stmt" count="0"/>
        <line num="49" type="stmt" count="0"/>
        <line num="50" type="stmt" count="0"/>
        <line num="54" type="stmt" count="0"/>
        <metrics loc="56" ncloc="39" classes="1" methods="1" coveredmethods="0" conditionals="0" coveredconditionals="0" statements="16" coveredstatements="7" elements="17" coveredelements="7"/>
      </file>
      <file name="/Volumes/LaCie/GitHub/_Bundles/api-component-bundle/src/Controller/FormSubmitPost.php">
        <class name="Silverback\ApiComponentBundle\Controller\FormSubmitPost" namespace="Silverback\ApiComponentBundle\Controller">
          <metrics complexity="7" methods="2" coveredmethods="1" conditionals="0" coveredconditionals="0" statements="16" coveredstatements="15" elements="18" coveredelements="16"/>
        </class>
        <line num="24" type="method" name="__construct" visibility="public" complexity="1" crap="1" count="1"/>
        <line num="30" type="stmt" count="1"/>
        <line num="31" type="stmt" count="1"/>
        <line num="32" type="stmt" count="1"/>
        <line num="59" type="method" name="__invoke" visibility="public" complexity="6" crap="6.02" count="1"/>
        <line num="61" type="stmt" count="1"/>
        <line num="62" type="stmt" count="1"/>
        <line num="63" type="stmt" count="1"/>
        <line num="64" type="stmt" count="1"/>
        <line num="65" type="stmt" count="0"/>
        <line num="67" type="stmt" count="1"/>
        <line num="68" type="stmt" count="1"/>
        <line num="69" type="stmt" count="1"/>
        <line num="70" type="stmt" count="1"/>
        <line num="71" type="stmt" count="1"/>
        <line num="72" type="stmt" count="1"/>
        <line num="73" type="stmt" count="1"/>
        <line num="77" type="stmt" count="1"/>
        <metrics loc="79" ncloc="51" classes="1" methods="2" coveredmethods="1" conditionals="0" coveredconditionals="0" statements="16" coveredstatements="15" elements="18" coveredelements="16"/>
      </file>
    </package>
    <package name="Silverback\ApiComponentBundle\DataProvider\Item">
      <file name="/Volumes/LaCie/GitHub/_Bundles/api-component-bundle/src/DataProvider/Item/LayoutDataProvider.php">
        <class name="Silverback\ApiComponentBundle\DataProvider\Item\LayoutDataProvider" namespace="Silverback\ApiComponentBundle\DataProvider\Item">
          <metrics complexity="5" methods="3" coveredmethods="2" conditionals="0" coveredconditionals="0" statements="8" coveredstatements="7" elements="11" coveredelements="9"/>
        </class>
        <line num="22" type="method" name="__construct" visibility="public" complexity="1" crap="1" count="4"/>
        <line num="24" type="stmt" count="4"/>
        <line num="25" type="stmt" count="4"/>
        <line num="33" type="method" name="supports" visibility="public" complexity="1" crap="1" count="4"/>
        <line num="35" type="stmt" count="4"/>
        <line num="45" type="method" name="getItem" visibility="public" complexity="3" crap="3.07" count="1"/>
        <line num="47" type="stmt" count="1"/>
        <line num="48" type="stmt" count="1"/>
        <line num="49" type="stmt" count="0"/>
        <line num="51" type="stmt" count="1"/>
        <line num="52" type="stmt" count="1"/>
        <metrics loc="54" ncloc="33" classes="1" methods="3" coveredmethods="2" conditionals="0" coveredconditionals="0" statements="8" coveredstatements="7" elements="11" coveredelements="9"/>
      </file>
    </package>
    <package name="Silverback\ApiComponentBundle\DependencyInjection\CompilerPass">
      <file name="/Volumes/LaCie/GitHub/_Bundles/api-component-bundle/src/DependencyInjection/CompilerPass/ImagineCompilerPass.php">
        <class name="Silverback\ApiComponentBundle\DependencyInjection\CompilerPass\ImagineCompilerPass" namespace="Silverback\ApiComponentBundle\DependencyInjection\CompilerPass">
          <metrics complexity="1" methods="1" coveredmethods="0" conditionals="0" coveredconditionals="0" statements="4" coveredstatements="0" elements="5" coveredelements="0"/>
        </class>
        <line num="11" type="method" name="process" visibility="public" complexity="1" crap="2" count="0"/>
        <line num="13" type="stmt" count="0"/>
        <line num="15" type="stmt" count="0"/>
        <line num="16" type="stmt" count="0"/>
        <line num="18" type="stmt" count="0"/>
        <metrics loc="19" ncloc="19" classes="1" methods="1" coveredmethods="0" conditionals="0" coveredconditionals="0" statements="4" coveredstatements="0" elements="5" coveredelements="0"/>
      </file>
    </package>
    <package name="Silverback\ApiComponentBundle\DependencyInjection">
      <file name="/Volumes/LaCie/GitHub/_Bundles/api-component-bundle/src/DependencyInjection/SilverbackApiComponentExtension.php">
        <class name="Silverback\ApiComponentBundle\DependencyInjection\SilverbackApiComponentExtension" namespace="Silverback\ApiComponentBundle\DependencyInjection">
          <metrics complexity="4" methods="3" coveredmethods="0" conditionals="0" coveredconditionals="0" statements="24" coveredstatements="0" elements="27" coveredelements="0"/>
        </class>
        <line num="24" type="method" name="load" visibility="public" complexity="1" crap="2" count="0"/>
        <line num="26" type="stmt" count="0"/>
        <line num="27" type="stmt" count="0"/>
        <line num="33" type="method" name="loadServiceConfig" visibility="private" complexity="1" crap="2" count="0"/>
        <line num="35" type="stmt" count="0"/>
        <line num="36" type="stmt" count="0"/>
        <line num="37" type="stmt" count="0"/>
        <line num="39" type="stmt" count="0"/>
        <line num="41" type="stmt" count="0"/>
        <line num="42" type="stmt" count="0"/>
        <line num="43" type="stmt" count="0"/>
        <line num="45" type="stmt" count="0"/>
        <line num="46" type="stmt" count="0"/>
        <line num="48" type="stmt" count="0"/>
        <line num="49" type="stmt" count="0"/>
        <line num="51" type="stmt" count="0"/>
        <line num="52" type="stmt" count="0"/>
        <line num="53" type="stmt" count="0"/>
        <line num="55" type="stmt" count="0"/>
        <line num="61" type="method" name="prepend" visibility="public" complexity="2" crap="6" count="0"/>
        <line num="63" type="stmt" count="0"/>
        <line num="64" type="stmt" count="0"/>
        <line num="65" type="stmt" count="0"/>
        <line num="69" type="stmt" count="0"/>
        <line num="70" type="stmt" count="0"/>
        <line num="71" type="stmt" count="0"/>
        <line num="108" type="stmt" count="0"/>
        <metrics loc="109" ncloc="96" classes="1" methods="3" coveredmethods="0" conditionals="0" coveredconditionals="0" statements="24" coveredstatements="0" elements="27" coveredelements="0"/>
      </file>
    </package>
    <package name="Silverback\ApiComponentBundle\Entity\Content">
      <file name="/Volumes/LaCie/GitHub/_Bundles/api-component-bundle/src/Entity/Content/AbstractContent.php">
        <class name="Silverback\ApiComponentBundle\Entity\Content\AbstractContent" namespace="Silverback\ApiComponentBundle\Entity\Content" fullPackage="Silverback" package="Silverback">
          <metrics complexity="5" methods="5" coveredmethods="3" conditionals="0" coveredconditionals="0" statements="9" coveredstatements="6" elements="14" coveredelements="9"/>
        </class>
        <line num="45" type="method" name="__construct" visibility="public" complexity="1" crap="1" count="28"/>
        <line num="47" type="stmt" count="28"/>
        <line num="48" type="stmt" count="28"/>
        <line num="49" type="stmt" count="28"/>
        <line num="54" type="method" name="getId" visibility="public" complexity="1" crap="2" count="0"/>
        <line num="56" type="stmt" count="0"/>
        <line num="62" type="method" name="getComponentLocations" visibility="public" complexity="1" crap="1" count="2"/>
        <line num="64" type="stmt" count="2"/>
        <line num="71" type="method" name="addComponentLocation" visibility="public" complexity="1" crap="1" count="2"/>
        <line num="73" type="stmt" count="2"/>
        <line num="74" type="stmt" count="2"/>
        <line num="81" type="method" name="removeComponentLocation" visibility="public" complexity="1" crap="2" count="0"/>
        <line num="83" type="stmt" count="0"/>
        <line num="84" type="stmt" count="0"/>
        <metrics loc="86" ncloc="46" classes="1" methods="5" coveredmethods="3" conditionals="0" coveredconditionals="0" statements="9" coveredstatements="6" elements="14" coveredelements="9"/>
      </file>
      <file name="/Volumes/LaCie/GitHub/_Bundles/api-component-bundle/src/Entity/Content/ComponentGroup.php">
        <class name="Silverback\ApiComponentBundle\Entity\Content\ComponentGroup" namespace="Silverback\ApiComponentBundle\Entity\Content" fullPackage="Silverback" package="Silverback">
          <metrics complexity="8" methods="4" coveredmethods="3" conditionals="0" coveredconditionals="0" statements="12" coveredstatements="10" elements="16" coveredelements="13"/>
        </class>
        <line num="30" type="method" name="__construct" visibility="public" complexity="1" crap="1" count="18"/>
        <line num="32" type="stmt" count="18"/>
        <line num="33" type="stmt" count="18"/>
        <line num="34" type="stmt" count="18"/>
        <line num="40" type="method" name="getParent" visibility="public" complexity="1" crap="1" count="1"/>
        <line num="42" type="stmt" count="1"/>
        <line num="49" type="method" name="setParent" visibility="public" complexity="3" crap="3" count="13"/>
        <line num="51" type="stmt" count="13"/>
        <line num="52" type="stmt" count="13"/>
        <line num="54" type="stmt" count="13"/>
        <line num="56" type="stmt" count="13"/>
        <line num="58" type="method" name="hasComponent" visibility="public" complexity="3" crap="4.12" count="1"/>
        <line num="60" type="stmt" count="1"/>
        <line num="61" type="stmt" count="0"/>
        <line num="62" type="stmt" count="0"/>
        <line num="65" type="stmt" count="1"/>
        <metrics loc="67" ncloc="46" classes="1" methods="4" coveredmethods="3" conditionals="0" coveredconditionals="0" statements="12" coveredstatements="10" elements="16" coveredelements="13"/>
      </file>
      <file name="/Volumes/LaCie/GitHub/_Bundles/api-component-bundle/src/Entity/Content/FileTrait.php">
        <class name="FileTrait" namespace="Silverback\ApiComponentBundle\Entity\Content" fullPackage="Silverback" package="Silverback">
          <metrics complexity="5" methods="3" coveredmethods="3" conditionals="0" coveredconditionals="0" statements="4" coveredstatements="4" elements="7" coveredelements="7"/>
        </class>
        <line num="24" type="method" name="getFilePath" visibility="public" complexity="2" crap="2" count="4"/>
        <line num="26" type="stmt" count="4"/>
        <line num="32" type="method" name="setFilePath" visibility="public" complexity="2" crap="2" count="4"/>
        <line num="34" type="stmt" count="4"/>
        <line num="35" type="stmt" count="4"/>
        <line num="37" type="method" name="getImagineFilters" visibility="public" complexity="1" crap="1" count="1"/>
        <line num="40" type="stmt" count="1"/>
        <metrics loc="44" ncloc="29" classes="1" methods="3" coveredmethods="3" conditionals="0" coveredconditionals="0" statements="4" coveredstatements="4" elements="7" coveredelements="7"/>
      </file>
      <file name="/Volumes/LaCie/GitHub/_Bundles/api-component-bundle/src/Entity/Content/Page.php">
        <class name="Silverback\ApiComponentBundle\Entity\Content\Page" namespace="Silverback\ApiComponentBundle\Entity\Content" fullPackage="Silverback" package="Silverback">
          <metrics complexity="15" methods="10" coveredmethods="10" conditionals="0" coveredconditionals="0" statements="16" coveredstatements="16" elements="26" coveredelements="26"/>
        </class>
        <line num="56" type="method" name="__construct" visibility="public" complexity="1" crap="1" count="7"/>
        <line num="58" type="stmt" count="7"/>
        <line num="59" type="stmt" count="7"/>
        <line num="60" type="stmt" count="7"/>
        <line num="65" type="method" name="getTitle" visibility="public" complexity="1" crap="1" count="3"/>
        <line num="67" type="stmt" count="3"/>
        <line num="73" type="method" name="setTitle" visibility="public" complexity="1" crap="1" count="3"/>
        <line num="75" type="stmt" count="3"/>
        <line num="76" type="stmt" count="3"/>
        <line num="81" type="method" name="getMetaDescription" visibility="public" complexity="2" crap="2" count="1"/>
        <line num="83" type="stmt" count="1"/>
        <line num="89" type="method" name="setMetaDescription" visibility="public" complexity="1" crap="1" count="2"/>
        <line num="91" type="stmt" count="2"/>
        <line num="92" type="stmt" count="2"/>
        <line num="97" type="method" name="getParent" visibility="public" complexity="2" crap="2" count="2"/>
        <line num="99" type="stmt" count="2"/>
        <line num="105" type="method" name="setParent" visibility="public" complexity="2" crap="2" count="2"/>
        <line num="107" type="stmt" count="2"/>
        <line num="108" type="stmt" count="2"/>
        <line num="113" type="method" name="getLayout" visibility="public" complexity="2" crap="2" count="1"/>
        <line num="115" type="stmt" count="1"/>
        <line num="121" type="method" name="setLayout" visibility="public" complexity="2" crap="2" count="2"/>
        <line num="123" type="stmt" count="2"/>
        <line num="124" type="stmt" count="2"/>
        <line num="129" type="method" name="getDefaultRoute" visibility="public" complexity="1" crap="1" count="1"/>
        <line num="131" type="stmt" count="1"/>
        <metrics loc="133" ncloc="76" classes="1" methods="10" coveredmethods="10" conditionals="0" coveredconditionals="0" statements="16" coveredstatements="16" elements="26" coveredelements="26"/>
      </file>
    </package>
    <package name="Silverback\ApiComponentBundle\Entity\Content\Component">
      <file name="/Volumes/LaCie/GitHub/_Bundles/api-component-bundle/src/Entity/Content/Component/AbstractComponent.php">
        <class name="Silverback\ApiComponentBundle\Entity\Content\Component\AbstractComponent" namespace="Silverback\ApiComponentBundle\Entity\Content\Component" fullPackage="Silverback" package="Silverback">
          <metrics complexity="30" methods="20" coveredmethods="9" conditionals="0" coveredconditionals="0" statements="52" coveredstatements="30" elements="72" coveredelements="39"/>
        </class>
        <line num="80" type="method" name="__construct" visibility="public" complexity="1" crap="1" count="40"/>
        <line num="82" type="stmt" count="40"/>
        <line num="83" type="stmt" count="40"/>
        <line num="84" type="stmt" count="40"/>
        <line num="85" type="stmt" count="40"/>
        <line num="86" type="stmt" count="40"/>
        <line num="91" type="method" name="getId" visibility="public" complexity="1" crap="1" count="2"/>
        <line num="93" type="stmt" count="2"/>
        <line num="99" type="method" name="getClassName" visibility="public" complexity="2" crap="2" count="1"/>
        <line num="101" type="stmt" count="1"/>
        <line num="108" type="method" name="setClassName" visibility="public" complexity="2" crap="2" count="2"/>
        <line num="110" type="stmt" count="2"/>
        <line num="111" type="stmt" count="2"/>
        <line num="117" type="method" name="getLocations" visibility="public" complexity="1" crap="2" count="0"/>
        <line num="119" type="stmt" count="0"/>
        <line num="126" type="method" name="addLocation" visibility="public" complexity="1" crap="2" count="0"/>
        <line num="128" type="stmt" count="0"/>
        <line num="129" type="stmt" count="0"/>
        <line num="136" type="method" name="removeLocation" visibility="public" complexity="1" crap="2" count="0"/>
        <line num="138" type="stmt" count="0"/>
        <line num="139" type="stmt" count="0"/>
        <line num="146" type="method" name="setComponentGroups" visibility="public" complexity="2" crap="6" count="0"/>
        <line num="148" type="stmt" count="0"/>
        <line num="149" type="stmt" count="0"/>
        <line num="150" type="stmt" count="0"/>
        <line num="152" type="stmt" count="0"/>
        <line num="159" type="method" name="addComponentGroup" visibility="public" complexity="1" crap="1" count="12"/>
        <line num="161" type="stmt" count="12"/>
        <line num="162" type="stmt" count="12"/>
        <line num="163" type="stmt" count="12"/>
        <line num="170" type="method" name="removeComponentGroup" visibility="public" complexity="1" crap="2" count="0"/>
        <line num="172" type="stmt" count="0"/>
        <line num="173" type="stmt" count="0"/>
        <line num="179" type="method" name="getComponentGroups" visibility="public" complexity="1" crap="1" count="2"/>
        <line num="181" type="stmt" count="2"/>
        <line num="189" type="method" name="getComponentName" visibility="public" complexity="1" crap="2" count="0"/>
        <line num="191" type="stmt" count="0"/>
        <line num="192" type="stmt" count="0"/>
        <line num="198" type="method" name="onDeleteCascade" visibility="public" complexity="1" crap="2" count="0"/>
        <line num="200" type="stmt" count="0"/>
        <line num="209" type="method" name="getComponentComponentGroup" visibility="private" complexity="2" crap="2.06" count="1"/>
        <line num="212" type="stmt" count="1"/>
        <line num="213" type="stmt" count="1"/>
        <line num="214" type="stmt" count="0"/>
        <line num="216" type="stmt" count="1"/>
        <line num="226" type="method" name="setParentComponent" visibility="public" complexity="3" crap="3" count="1"/>
        <line num="228" type="stmt" count="1"/>
        <line num="229" type="stmt" count="1"/>
        <line num="230" type="stmt" count="1"/>
        <line num="231" type="stmt" count="1"/>
        <line num="234" type="stmt" count="1"/>
        <line num="241" type="method" name="isContentComponent" visibility="public" complexity="3" crap="12" count="0"/>
        <line num="243" type="stmt" count="0"/>
        <line num="244" type="stmt" count="0"/>
        <line num="245" type="stmt" count="0"/>
        <line num="248" type="stmt" count="0"/>
        <line num="254" type="method" name="getParentComponents" visibility="private" complexity="2" crap="2" count="1"/>
        <line num="256" type="stmt" count="1"/>
        <line num="257" type="stmt" count="1"/>
        <line num="258" type="stmt" count="1"/>
        <line num="259" type="stmt" count="1"/>
        <line num="260" type="method" name="anonymousFunction:260#934" complexity="2" crap="3.19" count="1"/>
        <line num="261" type="stmt" count="0"/>
        <line num="262" type="stmt" count="0"/>
        <line num="264" type="stmt" count="1"/>
        <line num="265" type="stmt" count="1"/>
        <line num="274" type="method" name="getParentContent" visibility="private" complexity="1" crap="1" count="1"/>
        <line num="276" type="stmt" count="1"/>
        <line num="277" type="stmt" count="1"/>
        <line num="278" type="stmt" count="1"/>
        <line num="279" type="method" name="anonymousFunction:279#1005" complexity="1" crap="1.12" count="1"/>
        <line num="280" type="stmt" count="0"/>
        <line num="281" type="stmt" count="1"/>
        <line num="282" type="stmt" count="1"/>
        <metrics loc="287" ncloc="167" classes="1" methods="20" coveredmethods="9" conditionals="0" coveredconditionals="0" statements="54" coveredstatements="32" elements="74" coveredelements="41"/>
      </file>
      <file name="/Volumes/LaCie/GitHub/_Bundles/api-component-bundle/src/Entity/Content/Component/ComponentLocation.php">
        <class name="Silverback\ApiComponentBundle\Entity\Content\Component\ComponentLocation" namespace="Silverback\ApiComponentBundle\Entity\Content\Component" fullPackage="Silverback" package="Silverback">
          <metrics complexity="16" methods="8" coveredmethods="7" conditionals="0" coveredconditionals="0" statements="24" coveredstatements="23" elements="32" coveredelements="30"/>
        </class>
        <line num="54" type="method" name="loadValidatorMetadata" visibility="public" complexity="1" crap="1" count="4"/>
        <line num="56" type="stmt" count="4"/>
        <line num="57" type="stmt" count="4"/>
        <line num="58" type="stmt" count="4"/>
        <line num="60" type="stmt" count="4"/>
        <line num="61" type="stmt" count="4"/>
        <line num="62" type="stmt" count="4"/>
        <line num="64" type="stmt" count="4"/>
        <line num="71" type="method" name="__construct" visibility="public" complexity="5" crap="5" count="6"/>
        <line num="75" type="stmt" count="6"/>
        <line num="76" type="stmt" count="6"/>
        <line num="77" type="stmt" count="1"/>
        <line num="79" type="stmt" count="6"/>
        <line num="80" type="stmt" count="1"/>
        <line num="82" type="stmt" count="6"/>
        <line num="87" type="method" name="getId" visibility="public" complexity="1" crap="2" count="0"/>
        <line num="89" type="stmt" count="0"/>
        <line num="95" type="method" name="getContent" visibility="public" complexity="1" crap="1" count="2"/>
        <line num="97" type="stmt" count="2"/>
        <line num="104" type="method" name="setContent" visibility="public" complexity="4" crap="4" count="2"/>
        <line num="106" type="stmt" count="2"/>
        <line num="107" type="stmt" count="2"/>
        <line num="108" type="stmt" count="2"/>
        <line num="110" type="stmt" count="2"/>
        <line num="111" type="stmt" count="2"/>
        <line num="116" type="method" name="getComponent" visibility="public" complexity="1" crap="1" count="1"/>
        <line num="118" type="stmt" count="1"/>
        <line num="124" type="method" name="setComponent" visibility="public" complexity="1" crap="1" count="2"/>
        <line num="126" type="stmt" count="2"/>
        <line num="127" type="stmt" count="2"/>
        <line num="132" type="method" name="getSortCollection" visibility="public" complexity="2" crap="2" count="2"/>
        <line num="134" type="stmt" count="2"/>
        <metrics loc="136" ncloc="87" classes="1" methods="8" coveredmethods="7" conditionals="0" coveredconditionals="0" statements="24" coveredstatements="23" elements="32" coveredelements="30"/>
      </file>
    </package>
    <file name="/Volumes/LaCie/GitHub/_Bundles/api-component-bundle/src/Entity/Content/Component/ComponentInterface.php">
      <metrics loc="71" ncloc="32" classes="0" methods="0" coveredmethods="0" conditionals="0" coveredconditionals="0" statements="0" coveredstatements="0" elements="0" coveredelements="0"/>
    </file>
    <package name="Silverback\ApiComponentBundle\Entity\Content\Component\Content">
      <file name="/Volumes/LaCie/GitHub/_Bundles/api-component-bundle/src/Entity/Content/Component/Content/Content.php">
        <class name="Silverback\ApiComponentBundle\Entity\Content\Component\Content\Content" namespace="Silverback\ApiComponentBundle\Entity\Content\Component\Content" fullPackage="Silverback" package="Silverback">
          <metrics complexity="3" methods="3" coveredmethods="3" conditionals="0" coveredconditionals="0" statements="7" coveredstatements="7" elements="10" coveredelements="10"/>
        </class>
        <line num="27" type="method" name="loadValidatorMetadata" visibility="public" complexity="1" crap="1" count="4"/>
        <line num="29" type="stmt" count="4"/>
        <line num="30" type="stmt" count="4"/>
        <line num="31" type="stmt" count="4"/>
        <line num="33" type="stmt" count="4"/>
        <line num="38" type="method" name="getContent" visibility="public" complexity="1" crap="1" count="3"/>
        <line num="40" type="stmt" count="3"/>
        <line num="46" type="method" name="setContent" visibility="public" complexity="1" crap="1" count="3"/>
        <line num="48" type="stmt" count="3"/>
        <line num="49" type="stmt" count="3"/>
        <metrics loc="50" ncloc="33" classes="1" methods="3" coveredmethods="3" conditionals="0" coveredconditionals="0" statements="7" coveredstatements="7" elements="10" coveredelements="10"/>
      </file>
    </package>
    <package name="Silverback\ApiComponentBundle\Entity\Content\Component\Feature">
      <file name="/Volumes/LaCie/GitHub/_Bundles/api-component-bundle/src/Entity/Content/Component/Feature/AbstractFeature.php">
        <class name="Silverback\ApiComponentBundle\Entity\Content\Component\Feature\AbstractFeature" namespace="Silverback\ApiComponentBundle\Entity\Content\Component\Feature" fullPackage="Silverback" package="Silverback">
          <metrics complexity="2" methods="2" coveredmethods="1" conditionals="0" coveredconditionals="0" statements="5" coveredstatements="4" elements="7" coveredelements="5"/>
        </class>
        <line num="14" type="method" name="__construct" visibility="public" complexity="1" crap="1" count="6"/>
        <line num="16" type="stmt" count="6"/>
        <line num="17" type="stmt" count="6"/>
        <line num="18" type="stmt" count="6"/>
        <line num="19" type="stmt" count="6"/>
        <line num="21" type="method" name="onDeleteCascade" visibility="public" complexity="1" crap="2" count="0"/>
        <line num="23" type="stmt" count="0"/>
        <metrics loc="25" ncloc="21" classes="1" methods="2" coveredmethods="1" conditionals="0" coveredconditionals="0" statements="5" coveredstatements="4" elements="7" coveredelements="5"/>
      </file>
      <file name="/Volumes/LaCie/GitHub/_Bundles/api-component-bundle/src/Entity/Content/Component/Feature/AbstractFeatureItem.php">
        <class name="Silverback\ApiComponentBundle\Entity\Content\Component\Feature\AbstractFeatureItem" namespace="Silverback\ApiComponentBundle\Entity\Content\Component\Feature" fullPackage="Silverback" package="Silverback">
          <metrics complexity="7" methods="5" coveredmethods="2" conditionals="0" coveredconditionals="0" statements="13" coveredstatements="9" elements="18" coveredelements="11"/>
        </class>
        <line num="28" type="method" name="loadValidatorMetadata" visibility="public" complexity="1" crap="1" count="4"/>
        <line num="30" type="stmt" count="4"/>
        <line num="31" type="stmt" count="4"/>
        <line num="32" type="stmt" count="4"/>
        <line num="34" type="stmt" count="4"/>
        <line num="35" type="stmt" count="4"/>
        <line num="36" type="stmt" count="4"/>
        <line num="38" type="stmt" count="4"/>
        <line num="43" type="method" name="getLabel" visibility="public" complexity="1" crap="2" count="0"/>
        <line num="45" type="stmt" count="0"/>
        <line num="51" type="method" name="setLabel" visibility="public" complexity="1" crap="1" count="3"/>
        <line num="53" type="stmt" count="3"/>
        <line num="54" type="stmt" count="3"/>
        <line num="59" type="method" name="getLink" visibility="public" complexity="2" crap="6" count="0"/>
        <line num="61" type="stmt" count="0"/>
        <line num="67" type="method" name="setLink" visibility="public" complexity="2" crap="6" count="0"/>
        <line num="69" type="stmt" count="0"/>
        <line num="70" type="stmt" count="0"/>
        <metrics loc="71" ncloc="47" classes="1" methods="5" coveredmethods="2" conditionals="0" coveredconditionals="0" statements="13" coveredstatements="9" elements="18" coveredelements="11"/>
      </file>
    </package>
    <package name="Silverback\ApiComponentBundle\Entity\Content\Component\Feature\Columns">
      <file name="/Volumes/LaCie/GitHub/_Bundles/api-component-bundle/src/Entity/Content/Component/Feature/Columns/FeatureColumns.php">
        <class name="Silverback\ApiComponentBundle\Entity\Content\Component\Feature\Columns\FeatureColumns" namespace="Silverback\ApiComponentBundle\Entity\Content\Component\Feature\Columns" fullPackage="Silverback" package="Silverback">
          <metrics complexity="7" methods="5" coveredmethods="5" conditionals="0" coveredconditionals="0" statements="11" coveredstatements="11" elements="16" coveredelements="16"/>
        </class>
        <line num="36" type="method" name="loadValidatorMetadata" visibility="public" complexity="1" crap="1" count="4"/>
        <line num="38" type="stmt" count="4"/>
        <line num="39" type="stmt" count="4"/>
        <line num="40" type="stmt" count="4"/>
        <line num="42" type="stmt" count="4"/>
        <line num="47" type="stmt" count="4"/>
        <line num="52" type="method" name="getColumns" visibility="public" complexity="1" crap="1" count="1"/>
        <line num="54" type="stmt" count="1"/>
        <line num="60" type="method" name="setColumns" visibility="public" complexity="1" crap="1" count="2"/>
        <line num="62" type="stmt" count="2"/>
        <line num="63" type="stmt" count="2"/>
        <line num="68" type="method" name="getTitle" visibility="public" complexity="2" crap="2" count="1"/>
        <line num="70" type="stmt" count="1"/>
        <line num="76" type="method" name="setTitle" visibility="public" complexity="2" crap="2" count="2"/>
        <line num="78" type="stmt" count="2"/>
        <line num="79" type="stmt" count="2"/>
        <metrics loc="80" ncloc="50" classes="1" methods="5" coveredmethods="5" conditionals="0" coveredconditionals="0" statements="11" coveredstatements="11" elements="16" coveredelements="16"/>
      </file>
      <file name="/Volumes/LaCie/GitHub/_Bundles/api-component-bundle/src/Entity/Content/Component/Feature/Columns/FeatureColumnsItem.php">
        <class name="Silverback\ApiComponentBundle\Entity\Content\Component\Feature\Columns\FeatureColumnsItem" namespace="Silverback\ApiComponentBundle\Entity\Content\Component\Feature\Columns" fullPackage="Silverback" package="Silverback">
          <metrics complexity="4" methods="2" coveredmethods="2" conditionals="0" coveredconditionals="0" statements="3" coveredstatements="3" elements="5" coveredelements="5"/>
        </class>
        <line num="28" type="method" name="getDescription" visibility="public" complexity="2" crap="2" count="1"/>
        <line num="30" type="stmt" count="1"/>
        <line num="36" type="method" name="setDescription" visibility="public" complexity="2" crap="2" count="1"/>
        <line num="38" type="stmt" count="1"/>
        <line num="39" type="stmt" count="1"/>
        <metrics loc="40" ncloc="23" classes="1" methods="2" coveredmethods="2" conditionals="0" coveredconditionals="0" statements="3" coveredstatements="3" elements="5" coveredelements="5"/>
      </file>
    </package>
    <file name="/Volumes/LaCie/GitHub/_Bundles/api-component-bundle/src/Entity/Content/Component/Feature/FeatureItemInterface.php">
      <metrics loc="26" ncloc="14" classes="0" methods="0" coveredmethods="0" conditionals="0" coveredconditionals="0" statements="0" coveredstatements="0" elements="0" coveredelements="0"/>
    </file>
    <package name="Silverback\ApiComponentBundle\Entity\Content\Component\Feature\Stacked">
      <file name="/Volumes/LaCie/GitHub/_Bundles/api-component-bundle/src/Entity/Content/Component/Feature/Stacked/FeatureStacked.php">
        <class name="Silverback\ApiComponentBundle\Entity\Content\Component\Feature\Stacked\FeatureStacked" namespace="Silverback\ApiComponentBundle\Entity\Content\Component\Feature\Stacked" fullPackage="Silverback" package="Silverback">
          <metrics complexity="2" methods="2" coveredmethods="2" conditionals="0" coveredconditionals="0" statements="3" coveredstatements="3" elements="5" coveredelements="5"/>
        </class>
        <line num="28" type="method" name="isReverse" visibility="public" complexity="1" crap="1" count="1"/>
        <line num="30" type="stmt" count="1"/>
        <line num="36" type="method" name="setReverse" visibility="public" complexity="1" crap="1" count="2"/>
        <line num="38" type="stmt" count="2"/>
        <line num="39" type="stmt" count="2"/>
        <metrics loc="40" ncloc="23" classes="1" methods="2" coveredmethods="2" conditionals="0" coveredconditionals="0" statements="3" coveredstatements="3" elements="5" coveredelements="5"/>
      </file>
      <file name="/Volumes/LaCie/GitHub/_Bundles/api-component-bundle/src/Entity/Content/Component/Feature/Stacked/FeatureStackedItem.php">
        <class name="Silverback\ApiComponentBundle\Entity\Content\Component\Feature\Stacked\FeatureStackedItem" namespace="Silverback\ApiComponentBundle\Entity\Content\Component\Feature\Stacked" fullPackage="Silverback" package="Silverback">
          <metrics complexity="13" methods="7" coveredmethods="7" conditionals="0" coveredconditionals="0" statements="13" coveredstatements="13" elements="20" coveredelements="20"/>
        </class>
        <line num="39" type="method" name="loadValidatorMetadata" visibility="public" complexity="1" crap="1" count="3"/>
        <line num="41" type="stmt" count="3"/>
        <line num="42" type="stmt" count="3"/>
        <line num="43" type="stmt" count="3"/>
        <line num="45" type="stmt" count="3"/>
        <line num="50" type="method" name="getDescription" visibility="public" complexity="2" crap="2" count="1"/>
        <line num="52" type="stmt" count="1"/>
        <line num="58" type="method" name="setDescription" visibility="public" complexity="2" crap="2" count="1"/>
        <line num="60" type="stmt" count="1"/>
        <line num="61" type="stmt" count="1"/>
        <line num="66" type="method" name="getButtonText" visibility="public" complexity="2" crap="2" count="1"/>
        <line num="68" type="stmt" count="1"/>
        <line num="74" type="method" name="setButtonText" visibility="public" complexity="2" crap="2" count="1"/>
        <line num="76" type="stmt" count="1"/>
        <line num="77" type="stmt" count="1"/>
        <line num="82" type="method" name="getButtonClass" visibility="public" complexity="2" crap="2" count="1"/>
        <line num="84" type="stmt" count="1"/>
        <line num="90" type="method" name="setButtonClass" visibility="public" complexity="2" crap="2" count="1"/>
        <line num="92" type="stmt" count="1"/>
        <line num="93" type="stmt" count="1"/>
        <metrics loc="94" ncloc="57" classes="1" methods="7" coveredmethods="7" conditionals="0" coveredconditionals="0" statements="13" coveredstatements="13" elements="20" coveredelements="20"/>
      </file>
    </package>
    <package name="Silverback\ApiComponentBundle\Entity\Content\Component\Feature\TextList">
      <file name="/Volumes/LaCie/GitHub/_Bundles/api-component-bundle/src/Entity/Content/Component/Feature/TextList/FeatureTextList.php">
        <class name="Silverback\ApiComponentBundle\Entity\Content\Component\Feature\TextList\FeatureTextList" namespace="Silverback\ApiComponentBundle\Entity\Content\Component\Feature\TextList" fullPackage="Silverback" package="Silverback">
          <metrics complexity="4" methods="2" coveredmethods="2" conditionals="0" coveredconditionals="0" statements="3" coveredstatements="3" elements="5" coveredelements="5"/>
        </class>
        <line num="28" type="method" name="getTitle" visibility="public" complexity="2" crap="2" count="1"/>
        <line num="30" type="stmt" count="1"/>
        <line num="36" type="method" name="setTitle" visibility="public" complexity="2" crap="2" count="2"/>
        <line num="38" type="stmt" count="2"/>
        <line num="39" type="stmt" count="2"/>
        <metrics loc="40" ncloc="23" classes="1" methods="2" coveredmethods="2" conditionals="0" coveredconditionals="0" statements="3" coveredstatements="3" elements="5" coveredelements="5"/>
      </file>
      <file name="/Volumes/LaCie/GitHub/_Bundles/api-component-bundle/src/Entity/Content/Component/Feature/TextList/FeatureTextListItem.php">
        <class name="Silverback\ApiComponentBundle\Entity\Content\Component\Feature\TextList\FeatureTextListItem" namespace="Silverback\ApiComponentBundle\Entity\Content\Component\Feature\TextList" fullPackage="Silverback" package="Silverback">
          <metrics complexity="0" methods="0" coveredmethods="0" conditionals="0" coveredconditionals="0" statements="0" coveredstatements="0" elements="0" coveredelements="0"/>
        </class>
        <metrics loc="18" ncloc="11" classes="0" methods="0" coveredmethods="0" conditionals="0" coveredconditionals="0" statements="0" coveredstatements="0" elements="0" coveredelements="0"/>
      </file>
    </package>
    <package name="Silverback\ApiComponentBundle\Entity\Content\Component\Form">
      <file name="/Volumes/LaCie/GitHub/_Bundles/api-component-bundle/src/Entity/Content/Component/Form/Form.php">
        <class name="Silverback\ApiComponentBundle\Entity\Content\Component\Form\Form" namespace="Silverback\ApiComponentBundle\Entity\Content\Component\Form" fullPackage="Silverback" package="Silverback">
          <metrics complexity="15" methods="9" coveredmethods="9" conditionals="0" coveredconditionals="0" statements="20" coveredstatements="20" elements="29" coveredelements="29"/>
        </class>
        <line num="60" type="method" name="loadValidatorMetadata" visibility="public" complexity="1" crap="1" count="5"/>
        <line num="62" type="stmt" count="5"/>
        <line num="63" type="stmt" count="5"/>
        <line num="65" type="stmt" count="5"/>
        <line num="66" type="stmt" count="5"/>
        <line num="69" type="stmt" count="5"/>
        <line num="70" type="stmt" count="5"/>
        <line num="71" type="stmt" count="5"/>
        <line num="73" type="stmt" count="5"/>
        <line num="78" type="method" name="getFormType" visibility="public" complexity="1" crap="1" count="4"/>
        <line num="80" type="stmt" count="4"/>
        <line num="86" type="method" name="setFormType" visibility="public" complexity="1" crap="1" count="2"/>
        <line num="88" type="stmt" count="2"/>
        <line num="89" type="stmt" count="2"/>
        <line num="94" type="method" name="getSuccessHandler" visibility="public" complexity="2" crap="2" count="2"/>
        <line num="96" type="stmt" count="2"/>
        <line num="102" type="method" name="setSuccessHandler" visibility="public" complexity="2" crap="2" count="2"/>
        <line num="104" type="stmt" count="2"/>
        <line num="105" type="stmt" count="2"/>
        <line num="110" type="method" name="getForm" visibility="public" complexity="2" crap="2" count="1"/>
        <line num="112" type="stmt" count="1"/>
        <line num="118" type="method" name="setForm" visibility="public" complexity="2" crap="2" count="2"/>
        <line num="120" type="stmt" count="2"/>
        <line num="121" type="stmt" count="2"/>
        <line num="126" type="method" name="getLastModified" visibility="public" complexity="2" crap="2" count="1"/>
        <line num="128" type="stmt" count="1"/>
        <line num="134" type="method" name="setLastModified" visibility="public" complexity="2" crap="2" count="1"/>
        <line num="136" type="stmt" count="1"/>
        <line num="137" type="stmt" count="1"/>
        <metrics loc="138" ncloc="78" classes="1" methods="9" coveredmethods="9" conditionals="0" coveredconditionals="0" statements="20" coveredstatements="20" elements="29" coveredelements="29"/>
      </file>
      <file name="/Volumes/LaCie/GitHub/_Bundles/api-component-bundle/src/Entity/Content/Component/Form/FormView.php">
        <class name="Silverback\ApiComponentBundle\Entity\Content\Component\Form\FormView" namespace="Silverback\ApiComponentBundle\Entity\Content\Component\Form" fullPackage="Silverback" package="Silverback">
          <metrics complexity="15" methods="8" coveredmethods="7" conditionals="0" coveredconditionals="0" statements="29" coveredstatements="26" elements="37" coveredelements="33"/>
        </class>
        <line num="71" type="method" name="__construct" visibility="public" complexity="3" crap="3" count="7"/>
        <line num="73" type="stmt" count="7"/>
        <line num="74" type="stmt" count="7"/>
        <line num="75" type="stmt" count="7"/>
        <line num="76" type="stmt" count="7"/>
        <line num="77" type="stmt" count="7"/>
        <line num="78" type="stmt" count="7"/>
        <line num="79" type="stmt" count="6"/>
        <line num="82" type="stmt" count="7"/>
        <line num="84" type="method" name="processViewVars" visibility="private" complexity="3" crap="3" count="7"/>
        <line num="86" type="stmt" count="7"/>
        <line num="87" type="stmt" count="7"/>
        <line num="88" type="stmt" count="7"/>
        <line num="89" type="stmt" count="7"/>
        <line num="90" type="stmt" count="7"/>
        <line num="93" type="stmt" count="7"/>
        <line num="95" type="method" name="convertVarToArray" visibility="private" complexity="4" crap="4.84" count="7"/>
        <line num="97" type="stmt" count="7"/>
        <line num="99" type="stmt" count="6"/>
        <line num="100" type="stmt" count="6"/>
        <line num="101" type="stmt" count="6"/>
        <line num="102" type="stmt" count="0"/>
        <line num="103" type="stmt" count="0"/>
        <line num="105" type="stmt" count="0"/>
        <line num="109" type="stmt" count="7"/>
        <line num="111" type="method" name="addChild" visibility="private" complexity="1" crap="1" count="6"/>
        <line num="113" type="stmt" count="6"/>
        <line num="114" type="stmt" count="6"/>
        <line num="115" type="stmt" count="6"/>
        <line num="120" type="method" name="getVars" visibility="public" complexity="1" crap="1" count="2"/>
        <line num="122" type="stmt" count="2"/>
        <line num="128" type="method" name="getChildren" visibility="public" complexity="1" crap="1" count="1"/>
        <line num="130" type="stmt" count="1"/>
        <line num="136" type="method" name="isRendered" visibility="public" complexity="1" crap="1" count="1"/>
        <line num="138" type="stmt" count="1"/>
        <line num="144" type="method" name="isMethodRendered" visibility="public" complexity="1" crap="1" count="1"/>
        <line num="146" type="stmt" count="1"/>
        <metrics loc="148" ncloc="114" classes="1" methods="8" coveredmethods="7" conditionals="0" coveredconditionals="0" statements="29" coveredstatements="26" elements="37" coveredelements="33"/>
      </file>
    </package>
    <package name="Silverback\ApiComponentBundle\Entity\Content\Component\Gallery">
      <file name="/Volumes/LaCie/GitHub/_Bundles/api-component-bundle/src/Entity/Content/Component/Gallery/Gallery.php">
        <class name="Silverback\ApiComponentBundle\Entity\Content\Component\Gallery\Gallery" namespace="Silverback\ApiComponentBundle\Entity\Content\Component\Gallery" fullPackage="Silverback" package="Silverback">
          <metrics complexity="2" methods="2" coveredmethods="1" conditionals="0" coveredconditionals="0" statements="5" coveredstatements="4" elements="7" coveredelements="5"/>
        </class>
        <line num="19" type="method" name="__construct" visibility="public" complexity="1" crap="1" count="2"/>
        <line num="21" type="stmt" count="2"/>
        <line num="22" type="stmt" count="2"/>
        <line num="23" type="stmt" count="2"/>
        <line num="24" type="stmt" count="2"/>
        <line num="26" type="method" name="onDeleteCascade" visibility="public" complexity="1" crap="2" count="0"/>
        <line num="28" type="stmt" count="0"/>
        <metrics loc="30" ncloc="23" classes="1" methods="2" coveredmethods="1" conditionals="0" coveredconditionals="0" statements="5" coveredstatements="4" elements="7" coveredelements="5"/>
      </file>
      <file name="/Volumes/LaCie/GitHub/_Bundles/api-component-bundle/src/Entity/Content/Component/Gallery/GalleryItem.php">
        <class name="Silverback\ApiComponentBundle\Entity\Content\Component\Gallery\GalleryItem" namespace="Silverback\ApiComponentBundle\Entity\Content\Component\Gallery" fullPackage="Silverback" package="Silverback">
          <metrics complexity="10" methods="6" coveredmethods="6" conditionals="0" coveredconditionals="0" statements="15" coveredstatements="15" elements="21" coveredelements="21"/>
        </class>
        <line num="42" type="method" name="loadValidatorMetadata" visibility="public" complexity="1" crap="1" count="4"/>
        <line num="44" type="stmt" count="4"/>
        <line num="45" type="stmt" count="4"/>
        <line num="46" type="stmt" count="4"/>
        <line num="48" type="stmt" count="4"/>
        <line num="49" type="stmt" count="4"/>
        <line num="50" type="stmt" count="4"/>
        <line num="52" type="stmt" count="4"/>
        <line num="57" type="method" name="__construct" visibility="public" complexity="1" crap="1" count="4"/>
        <line num="59" type="stmt" count="4"/>
        <line num="60" type="stmt" count="4"/>
        <line num="65" type="method" name="getTitle" visibility="public" complexity="2" crap="2" count="1"/>
        <line num="67" type="stmt" count="1"/>
        <line num="74" type="method" name="setTitle" visibility="public" complexity="2" crap="2" count="2"/>
        <line num="76" type="stmt" count="2"/>
        <line num="77" type="stmt" count="2"/>
        <line num="83" type="method" name="getCaption" visibility="public" complexity="2" crap="2" count="1"/>
        <line num="85" type="stmt" count="1"/>
        <line num="92" type="method" name="setCaption" visibility="public" complexity="2" crap="2" count="2"/>
        <line num="94" type="stmt" count="2"/>
        <line num="95" type="stmt" count="2"/>
        <metrics loc="97" ncloc="60" classes="1" methods="6" coveredmethods="6" conditionals="0" coveredconditionals="0" statements="15" coveredstatements="15" elements="21" coveredelements="21"/>
      </file>
    </package>
    <package name="Silverback\ApiComponentBundle\Entity\Content\Component\Hero">
      <file name="/Volumes/LaCie/GitHub/_Bundles/api-component-bundle/src/Entity/Content/Component/Hero/Hero.php">
        <class name="Silverback\ApiComponentBundle\Entity\Content\Component\Hero\Hero" namespace="Silverback\ApiComponentBundle\Entity\Content\Component\Hero" fullPackage="Silverback" package="Silverback">
          <metrics complexity="11" methods="7" coveredmethods="6" conditionals="0" coveredconditionals="0" statements="15" coveredstatements="14" elements="22" coveredelements="20"/>
        </class>
        <line num="37" type="method" name="__construct" visibility="public" complexity="1" crap="1" count="3"/>
        <line num="39" type="stmt" count="3"/>
        <line num="40" type="stmt" count="3"/>
        <line num="41" type="stmt" count="3"/>
        <line num="42" type="stmt" count="3"/>
        <line num="44" type="method" name="loadValidatorMetadata" visibility="public" complexity="1" crap="1" count="4"/>
        <line num="46" type="stmt" count="4"/>
        <line num="47" type="stmt" count="4"/>
        <line num="48" type="stmt" count="4"/>
        <line num="50" type="stmt" count="4"/>
        <line num="55" type="method" name="getTitle" visibility="public" complexity="2" crap="2" count="1"/>
        <line num="57" type="stmt" count="1"/>
        <line num="63" type="method" name="setTitle" visibility="public" complexity="2" crap="2" count="2"/>
        <line num="65" type="stmt" count="2"/>
        <line num="66" type="stmt" count="2"/>
        <line num="71" type="method" name="getSubtitle" visibility="public" complexity="2" crap="2" count="1"/>
        <line num="73" type="stmt" count="1"/>
        <line num="79" type="method" name="setSubtitle" visibility="public" complexity="2" crap="2" count="2"/>
        <line num="81" type="stmt" count="2"/>
        <line num="82" type="stmt" count="2"/>
        <line num="84" type="method" name="__toString" visibility="public" complexity="1" crap="2" count="0"/>
        <line num="86" type="stmt" count="0"/>
        <metrics loc="88" ncloc="59" classes="1" methods="7" coveredmethods="6" conditionals="0" coveredconditionals="0" statements="15" coveredstatements="14" elements="22" coveredelements="20"/>
      </file>
    </package>
    <package name="Silverback\ApiComponentBundle\Entity\Content\Component\Navigation">
      <file name="/Volumes/LaCie/GitHub/_Bundles/api-component-bundle/src/Entity/Content/Component/Navigation/AbstractNavigation.php">
        <class name="Silverback\ApiComponentBundle\Entity\Content\Component\Navigation\AbstractNavigation" namespace="Silverback\ApiComponentBundle\Entity\Content\Component\Navigation" fullPackage="Silverback" package="Silverback">
          <metrics complexity="0" methods="0" coveredmethods="0" conditionals="0" coveredconditionals="0" statements="0" coveredstatements="0" elements="0" coveredelements="0"/>
        </class>
        <metrics loc="13" ncloc="8" classes="0" methods="0" coveredmethods="0" conditionals="0" coveredconditionals="0" statements="0" coveredstatements="0" elements="0" coveredelements="0"/>
      </file>
      <file name="/Volumes/LaCie/GitHub/_Bundles/api-component-bundle/src/Entity/Content/Component/Navigation/AbstractNavigationItem.php">
        <class name="Silverback\ApiComponentBundle\Entity\Content\Component\Navigation\AbstractNavigationItem" namespace="Silverback\ApiComponentBundle\Entity\Content\Component\Navigation" fullPackage="Silverback" package="Silverback">
          <metrics complexity="10" methods="6" coveredmethods="2" conditionals="0" coveredconditionals="0" statements="9" coveredstatements="3" elements="15" coveredelements="5"/>
        </class>
        <line num="42" type="method" name="getLabel" visibility="public" complexity="1" crap="1" count="3"/>
        <line num="44" type="stmt" count="3"/>
        <line num="51" type="method" name="setLabel" visibility="public" complexity="1" crap="1" count="4"/>
        <line num="53" type="stmt" count="4"/>
        <line num="54" type="stmt" count="4"/>
        <line num="60" type="method" name="getRoute" visibility="public" complexity="2" crap="6" count="0"/>
        <line num="62" type="stmt" count="0"/>
        <line num="69" type="method" name="setRoute" visibility="public" complexity="2" crap="6" count="0"/>
        <line num="71" type="stmt" count="0"/>
        <line num="72" type="stmt" count="0"/>
        <line num="78" type="method" name="getFragment" visibility="public" complexity="2" crap="6" count="0"/>
        <line num="80" type="stmt" count="0"/>
        <line num="87" type="method" name="setFragment" visibility="public" complexity="2" crap="6" count="0"/>
        <line num="89" type="stmt" count="0"/>
        <line num="90" type="stmt" count="0"/>
        <metrics loc="92" ncloc="50" classes="1" methods="6" coveredmethods="2" conditionals="0" coveredconditionals="0" statements="9" coveredstatements="3" elements="15" coveredelements="5"/>
      </file>
    </package>
    <package name="Silverback\ApiComponentBundle\Entity\Content\Component\Navigation\Menu">
      <file name="/Volumes/LaCie/GitHub/_Bundles/api-component-bundle/src/Entity/Content/Component/Navigation/Menu/Menu.php">
        <class name="Silverback\ApiComponentBundle\Entity\Content\Component\Navigation\Menu\Menu" namespace="Silverback\ApiComponentBundle\Entity\Content\Component\Navigation\Menu" fullPackage="Silverback" package="Silverback">
          <metrics complexity="2" methods="2" coveredmethods="1" conditionals="0" coveredconditionals="0" statements="5" coveredstatements="4" elements="7" coveredelements="5"/>
        </class>
        <line num="19" type="method" name="__construct" visibility="public" complexity="1" crap="1" count="2"/>
        <line num="21" type="stmt" count="2"/>
        <line num="22" type="stmt" count="2"/>
        <line num="23" type="stmt" count="2"/>
        <line num="24" type="stmt" count="2"/>
        <line num="26" type="method" name="onDeleteCascade" visibility="public" complexity="1" crap="2" count="0"/>
        <line num="28" type="stmt" count="0"/>
        <metrics loc="30" ncloc="23" classes="1" methods="2" coveredmethods="1" conditionals="0" coveredconditionals="0" statements="5" coveredstatements="4" elements="7" coveredelements="5"/>
      </file>
      <file name="/Volumes/LaCie/GitHub/_Bundles/api-component-bundle/src/Entity/Content/Component/Navigation/Menu/MenuItem.php">
        <class name="Silverback\ApiComponentBundle\Entity\Content\Component\Navigation\Menu\MenuItem" namespace="Silverback\ApiComponentBundle\Entity\Content\Component\Navigation\Menu" fullPackage="Silverback" package="Silverback">
          <metrics complexity="2" methods="2" coveredmethods="2" conditionals="0" coveredconditionals="0" statements="3" coveredstatements="3" elements="5" coveredelements="5"/>
        </class>
        <line num="29" type="method" name="isMenuLabel" visibility="public" complexity="1" crap="1" count="1"/>
        <line num="31" type="stmt" count="1"/>
        <line num="37" type="method" name="setMenuLabel" visibility="public" complexity="1" crap="1" count="2"/>
        <line num="39" type="stmt" count="2"/>
        <line num="40" type="stmt" count="2"/>
        <metrics loc="41" ncloc="23" classes="1" methods="2" coveredmethods="2" conditionals="0" coveredconditionals="0" statements="3" coveredstatements="3" elements="5" coveredelements="5"/>
      </file>
    </package>
    <package name="Silverback\ApiComponentBundle\Entity\Content\Component\Navigation\NavBar">
      <file name="/Volumes/LaCie/GitHub/_Bundles/api-component-bundle/src/Entity/Content/Component/Navigation/NavBar/NavBar.php">
        <class name="Silverback\ApiComponentBundle\Entity\Content\Component\Navigation\NavBar\NavBar" namespace="Silverback\ApiComponentBundle\Entity\Content\Component\Navigation\NavBar">
          <metrics complexity="2" methods="2" coveredmethods="1" conditionals="0" coveredconditionals="0" statements="5" coveredstatements="4" elements="7" coveredelements="5"/>
        </class>
        <line num="17" type="method" name="__construct" visibility="public" complexity="1" crap="1" count="4"/>
        <line num="19" type="stmt" count="4"/>
        <line num="20" type="stmt" count="4"/>
        <line num="21" type="stmt" count="4"/>
        <line num="22" type="stmt" count="4"/>
        <line num="24" type="method" name="onDeleteCascade" visibility="public" complexity="1" crap="2" count="0"/>
        <line num="26" type="stmt" count="0"/>
        <metrics loc="28" ncloc="23" classes="1" methods="2" coveredmethods="1" conditionals="0" coveredconditionals="0" statements="5" coveredstatements="4" elements="7" coveredelements="5"/>
      </file>
      <file name="/Volumes/LaCie/GitHub/_Bundles/api-component-bundle/src/Entity/Content/Component/Navigation/NavBar/NavBarItem.php">
        <class name="Silverback\ApiComponentBundle\Entity\Content\Component\Navigation\NavBar\NavBarItem" namespace="Silverback\ApiComponentBundle\Entity\Content\Component\Navigation\NavBar">
          <metrics complexity="0" methods="0" coveredmethods="0" conditionals="0" coveredconditionals="0" statements="0" coveredstatements="0" elements="0" coveredelements="0"/>
        </class>
        <metrics loc="16" ncloc="11" classes="0" methods="0" coveredmethods="0" conditionals="0" coveredconditionals="0" statements="0" coveredstatements="0" elements="0" coveredelements="0"/>
      </file>
    </package>
    <file name="/Volumes/LaCie/GitHub/_Bundles/api-component-bundle/src/Entity/Content/Component/Navigation/NavigationItemInterface.php">
      <metrics loc="46" ncloc="21" classes="0" methods="0" coveredmethods="0" conditionals="0" coveredconditionals="0" statements="0" coveredstatements="0" elements="0" coveredelements="0"/>
    </file>
    <package name="Silverback\ApiComponentBundle\Entity\Content\Component\Navigation\Tabs">
      <file name="/Volumes/LaCie/GitHub/_Bundles/api-component-bundle/src/Entity/Content/Component/Navigation/Tabs/Tabs.php">
        <class name="Silverback\ApiComponentBundle\Entity\Content\Component\Navigation\Tabs\Tabs" namespace="Silverback\ApiComponentBundle\Entity\Content\Component\Navigation\Tabs" fullPackage="Silverback" package="Silverback">
          <metrics complexity="2" methods="2" coveredmethods="1" conditionals="0" coveredconditionals="0" statements="5" coveredstatements="4" elements="7" coveredelements="5"/>
        </class>
        <line num="19" type="method" name="__construct" visibility="public" complexity="1" crap="1" count="2"/>
        <line num="21" type="stmt" count="2"/>
        <line num="22" type="stmt" count="2"/>
        <line num="23" type="stmt" count="2"/>
        <line num="24" type="stmt" count="2"/>
        <line num="26" type="method" name="onDeleteCascade" visibility="public" complexity="1" crap="2" count="0"/>
        <line num="28" type="stmt" count="0"/>
        <metrics loc="30" ncloc="23" classes="1" methods="2" coveredmethods="1" conditionals="0" coveredconditionals="0" statements="5" coveredstatements="4" elements="7" coveredelements="5"/>
      </file>
      <file name="/Volumes/LaCie/GitHub/_Bundles/api-component-bundle/src/Entity/Content/Component/Navigation/Tabs/TabsItem.php">
        <class name="Silverback\ApiComponentBundle\Entity\Content\Component\Navigation\Tabs\TabsItem" namespace="Silverback\ApiComponentBundle\Entity\Content\Component\Navigation\Tabs" fullPackage="Silverback" package="Silverback">
          <metrics complexity="0" methods="0" coveredmethods="0" conditionals="0" coveredconditionals="0" statements="0" coveredstatements="0" elements="0" coveredelements="0"/>
        </class>
        <metrics loc="18" ncloc="11" classes="0" methods="0" coveredmethods="0" conditionals="0" coveredconditionals="0" statements="0" coveredstatements="0" elements="0" coveredelements="0"/>
      </file>
    </package>
    <file name="/Volumes/LaCie/GitHub/_Bundles/api-component-bundle/src/Entity/Content/ContentInterface.php">
      <metrics loc="30" ncloc="15" classes="0" methods="0" coveredmethods="0" conditionals="0" coveredconditionals="0" statements="0" coveredstatements="0" elements="0" coveredelements="0"/>
    </file>
    <package name="Silverback\ApiComponentBundle\Entity\Content\Dynamic">
      <file name="/Volumes/LaCie/GitHub/_Bundles/api-component-bundle/src/Entity/Content/Dynamic/AbstractDynamicPage.php">
        <class name="Silverback\ApiComponentBundle\Entity\Content\Dynamic\AbstractDynamicPage" namespace="Silverback\ApiComponentBundle\Entity\Content\Dynamic">
          <metrics complexity="1" methods="1" coveredmethods="0" conditionals="0" coveredconditionals="0" statements="1" coveredstatements="0" elements="2" coveredelements="0"/>
        </class>
        <line num="11" type="method" name="getComponentLocations" visibility="public" complexity="1" crap="2" count="0"/>
        <line num="13" type="stmt" count="0"/>
        <metrics loc="15" ncloc="15" classes="1" methods="1" coveredmethods="0" conditionals="0" coveredconditionals="0" statements="1" coveredstatements="0" elements="2" coveredelements="0"/>
      </file>
      <file name="/Volumes/LaCie/GitHub/_Bundles/api-component-bundle/src/Entity/Content/Dynamic/ArticlePage.php">
        <class name="Silverback\ApiComponentBundle\Entity\Content\Dynamic\ArticlePage" namespace="Silverback\ApiComponentBundle\Entity\Content\Dynamic">
          <metrics complexity="10" methods="8" coveredmethods="5" conditionals="0" coveredconditionals="0" statements="26" coveredstatements="16" elements="34" coveredelements="21"/>
        </class>
        <line num="49" type="method" name="loadValidatorMetadata" visibility="public" complexity="1" crap="1" count="4"/>
        <line num="51" type="stmt" count="4"/>
        <line num="52" type="stmt" count="4"/>
        <line num="53" type="stmt" count="4"/>
        <line num="56" type="stmt" count="4"/>
        <line num="57" type="stmt" count="4"/>
        <line num="58" type="stmt" count="4"/>
        <line num="61" type="stmt" count="4"/>
        <line num="62" type="stmt" count="4"/>
        <line num="63" type="stmt" count="4"/>
        <line num="65" type="stmt" count="4"/>
        <line num="67" type="method" name="getComponentLocations" visibility="public" complexity="1" crap="2" count="0"/>
        <line num="69" type="stmt" count="0"/>
        <line num="71" type="stmt" count="0"/>
        <line num="72" type="stmt" count="0"/>
        <line num="77" type="method" name="getHeroComponent" visibility="private" complexity="1" crap="2" count="0"/>
        <line num="78" type="stmt" count="0"/>
        <line num="79" type="stmt" count="0"/>
        <line num="80" type="stmt" count="0"/>
        <line num="81" type="stmt" count="0"/>
        <line num="84" type="method" name="getContentComponent" visibility="private" complexity="1" crap="2" count="0"/>
        <line num="85" type="stmt" count="0"/>
        <line num="86" type="stmt" count="0"/>
        <line num="87" type="stmt" count="0"/>
        <line num="93" type="method" name="setSubtitle" visibility="public" complexity="2" crap="2" count="2"/>
        <line num="95" type="stmt" count="2"/>
        <line num="96" type="stmt" count="2"/>
        <line num="101" type="method" name="setContent" visibility="public" complexity="1" crap="1" count="2"/>
        <line num="103" type="stmt" count="2"/>
        <line num="104" type="stmt" count="2"/>
        <line num="109" type="method" name="getSubtitle" visibility="public" complexity="2" crap="2" count="1"/>
        <line num="111" type="stmt" count="1"/>
        <line num="117" type="method" name="getContent" visibility="public" complexity="1" crap="1" count="1"/>
        <line num="119" type="stmt" count="1"/>
        <metrics loc="121" ncloc="85" classes="1" methods="8" coveredmethods="5" conditionals="0" coveredconditionals="0" statements="26" coveredstatements="16" elements="34" coveredelements="21"/>
      </file>
    </package>
    <file name="/Volumes/LaCie/GitHub/_Bundles/api-component-bundle/src/Entity/Content/FileInterface.php">
      <metrics loc="10" ncloc="10" classes="0" methods="0" coveredmethods="0" conditionals="0" coveredconditionals="0" statements="0" coveredstatements="0" elements="0" coveredelements="0"/>
    </file>
    <file name="/Volumes/LaCie/GitHub/_Bundles/api-component-bundle/src/Entity/DeleteCascadeInterface.php">
      <metrics loc="11" ncloc="8" classes="0" methods="0" coveredmethods="0" conditionals="0" coveredconditionals="0" statements="0" coveredstatements="0" elements="0" coveredelements="0"/>
    </file>
    <package name="Silverback\ApiComponentBundle\Entity\Layout">
      <file name="/Volumes/LaCie/GitHub/_Bundles/api-component-bundle/src/Entity/Layout/Layout.php">
        <class name="Silverback\ApiComponentBundle\Entity\Layout\Layout" namespace="Silverback\ApiComponentBundle\Entity\Layout" fullPackage="Silverback" package="Silverback">
          <metrics complexity="12" methods="8" coveredmethods="5" conditionals="0" coveredconditionals="0" statements="12" coveredstatements="8" elements="20" coveredelements="13"/>
        </class>
        <line num="48" type="method" name="__construct" visibility="public" complexity="1" crap="1" count="5"/>
        <line num="50" type="stmt" count="5"/>
        <line num="51" type="stmt" count="5"/>
        <line num="56" type="method" name="getId" visibility="public" complexity="1" crap="2" count="0"/>
        <line num="58" type="stmt" count="0"/>
        <line num="64" type="method" name="isDefault" visibility="public" complexity="1" crap="1" count="1"/>
        <line num="66" type="stmt" count="1"/>
        <line num="72" type="method" name="setDefault" visibility="public" complexity="1" crap="1" count="3"/>
        <line num="74" type="stmt" count="3"/>
        <line num="75" type="stmt" count="3"/>
        <line num="80" type="method" name="getNavBar" visibility="public" complexity="2" crap="2" count="1"/>
        <line num="82" type="stmt" count="1"/>
        <line num="88" type="method" name="setNavBar" visibility="public" complexity="2" crap="2" count="1"/>
        <line num="90" type="stmt" count="1"/>
        <line num="91" type="stmt" count="1"/>
        <line num="96" type="method" name="getClassName" visibility="public" complexity="2" crap="6" count="0"/>
        <line num="98" type="stmt" count="0"/>
        <line num="104" type="method" name="setClassName" visibility="public" complexity="2" crap="6" count="0"/>
        <line num="106" type="stmt" count="0"/>
        <line num="107" type="stmt" count="0"/>
        <metrics loc="108" ncloc="60" classes="1" methods="8" coveredmethods="5" conditionals="0" coveredconditionals="0" statements="12" coveredstatements="8" elements="20" coveredelements="13"/>
      </file>
    </package>
    <package name="Silverback\ApiComponentBundle\Entity\Route">
      <file name="/Volumes/LaCie/GitHub/_Bundles/api-component-bundle/src/Entity/Route/Route.php">
        <class name="Silverback\ApiComponentBundle\Entity\Route\Route" namespace="Silverback\ApiComponentBundle\Entity\Route" fullPackage="Silverback" package="Silverback">
          <metrics complexity="13" methods="7" coveredmethods="7" conditionals="0" coveredconditionals="0" statements="12" coveredstatements="12" elements="19" coveredelements="19"/>
        </class>
        <line num="52" type="method" name="__construct" visibility="public" complexity="3" crap="3" count="8"/>
        <line num="54" type="stmt" count="8"/>
        <line num="55" type="stmt" count="8"/>
        <line num="56" type="stmt" count="8"/>
        <line num="61" type="method" name="getRoute" visibility="public" complexity="1" crap="1" count="4"/>
        <line num="63" type="stmt" count="4"/>
        <line num="69" type="method" name="setRoute" visibility="public" complexity="1" crap="1" count="4"/>
        <line num="71" type="stmt" count="4"/>
        <line num="72" type="stmt" count="4"/>
        <line num="77" type="method" name="getContent" visibility="public" complexity="2" crap="2" count="1"/>
        <line num="79" type="stmt" count="1"/>
        <line num="85" type="method" name="setContent" visibility="public" complexity="2" crap="2" count="4"/>
        <line num="87" type="stmt" count="4"/>
        <line num="88" type="stmt" count="4"/>
        <line num="93" type="method" name="getRedirect" visibility="public" complexity="2" crap="2" count="1"/>
        <line num="95" type="stmt" count="1"/>
        <line num="101" type="method" name="setRedirect" visibility="public" complexity="2" crap="2" count="7"/>
        <line num="103" type="stmt" count="7"/>
        <line num="104" type="stmt" count="7"/>
        <metrics loc="105" ncloc="55" classes="1" methods="7" coveredmethods="7" conditionals="0" coveredconditionals="0" statements="12" coveredstatements="12" elements="19" coveredelements="19"/>
      </file>
      <file name="/Volumes/LaCie/GitHub/_Bundles/api-component-bundle/src/Entity/Route/RouteAwareTrait.php">
        <class name="RouteAwareTrait" namespace="Silverback\ApiComponentBundle\Entity\Route">
          <metrics complexity="4" methods="3" coveredmethods="2" conditionals="0" coveredconditionals="0" statements="7" coveredstatements="5" elements="10" coveredelements="7"/>
        </class>
        <line num="23" type="method" name="addRoute" visibility="public" complexity="2" crap="2" count="1"/>
        <line num="25" type="stmt" count="1"/>
        <line num="26" type="stmt" count="1"/>
        <line num="28" type="stmt" count="1"/>
        <line num="29" type="stmt" count="1"/>
        <line num="36" type="method" name="removeRoute" visibility="public" complexity="1" crap="2" count="0"/>
        <line num="38" type="stmt" count="0"/>
        <line num="39" type="stmt" count="0"/>
        <line num="45" type="method" name="getRoutes" visibility="public" complexity="1" crap="1" count="1"/>
        <line num="47" type="stmt" count="1"/>
        <metrics loc="49" ncloc="33" classes="1" methods="3" coveredmethods="2" conditionals="0" coveredconditionals="0" statements="7" coveredstatements="5" elements="10" coveredelements="7"/>
      </file>
    </package>
    <file name="/Volumes/LaCie/GitHub/_Bundles/api-component-bundle/src/Entity/Route/RouteAwareInterface.php">
      <metrics loc="30" ncloc="16" classes="0" methods="0" coveredmethods="0" conditionals="0" coveredconditionals="0" statements="0" coveredstatements="0" elements="0" coveredelements="0"/>
    </file>
    <file name="/Volumes/LaCie/GitHub/_Bundles/api-component-bundle/src/Entity/SortableInterface.php">
      <metrics loc="30" ncloc="16" classes="0" methods="0" coveredmethods="0" conditionals="0" coveredconditionals="0" statements="0" coveredstatements="0" elements="0" coveredelements="0"/>
    </file>
    <package name="Silverback\ApiComponentBundle\Entity">
      <file name="/Volumes/LaCie/GitHub/_Bundles/api-component-bundle/src/Entity/SortableTrait.php">
        <class name="SortableTrait" namespace="Silverback\ApiComponentBundle\Entity" fullPackage="Silverback" package="Silverback">
          <metrics complexity="9" methods="3" coveredmethods="3" conditionals="0" coveredconditionals="0" statements="11" coveredstatements="11" elements="14" coveredelements="14"/>
        </class>
        <line num="26" type="method" name="getSort" visibility="public" complexity="1" crap="1" count="3"/>
        <line num="28" type="stmt" count="3"/>
        <line num="35" type="method" name="setSort" visibility="public" complexity="1" crap="1" count="4"/>
        <line num="37" type="stmt" count="4"/>
        <line num="38" type="stmt" count="4"/>
        <line num="45" type="method" name="calculateSort" visibility="public" complexity="6" crap="6" count="3"/>
        <line num="48" type="stmt" count="3"/>
        <line num="49" type="stmt" count="3"/>
        <line num="50" type="stmt" count="1"/>
        <line num="52" type="stmt" count="3"/>
        <line num="53" type="stmt" count="3"/>
        <line num="54" type="stmt" count="3"/>
        <line num="56" type="stmt" count="1"/>
        <line num="57" type="stmt" count="1"/>
        <metrics loc="64" ncloc="39" classes="1" methods="3" coveredmethods="3" conditionals="0" coveredconditionals="0" statements="11" coveredstatements="11" elements="14" coveredelements="14"/>
      </file>
      <file name="/Volumes/LaCie/GitHub/_Bundles/api-component-bundle/src/Entity/ValidComponentTrait.php">
        <class name="ValidComponentTrait" namespace="Silverback\ApiComponentBundle\Entity">
          <metrics complexity="9" methods="5" coveredmethods="5" conditionals="0" coveredconditionals="0" statements="16" coveredstatements="16" elements="21" coveredelements="21"/>
        </class>
        <line num="20" type="method" name="initValidComponents" visibility="private" complexity="2" crap="2" count="16"/>
        <line num="22" type="stmt" count="16"/>
        <line num="23" type="stmt" count="3"/>
        <line num="25" type="stmt" count="16"/>
        <line num="31" type="method" name="getValidComponents" visibility="public" complexity="1" crap="1" count="16"/>
        <line num="33" type="stmt" count="16"/>
        <line num="34" type="stmt" count="16"/>
        <line num="41" type="method" name="addValidComponent" visibility="public" complexity="2" crap="2" count="15"/>
        <line num="43" type="stmt" count="15"/>
        <line num="44" type="stmt" count="15"/>
        <line num="45" type="stmt" count="15"/>
        <line num="47" type="stmt" count="15"/>
        <line num="54" type="method" name="removeValidComponent" visibility="public" complexity="1" crap="1" count="1"/>
        <line num="56" type="stmt" count="1"/>
        <line num="57" type="stmt" count="1"/>
        <line num="58" type="stmt" count="1"/>
        <line num="65" type="method" name="cascadeValidComponents" visibility="protected" complexity="3" crap="3" count="15"/>
        <line num="67" type="stmt" count="15"/>
        <line num="68" type="stmt" count="15"/>
        <line num="69" type="stmt" count="14"/>
        <line num="71" type="stmt" count="15"/>
        <metrics loc="72" ncloc="52" classes="1" methods="5" coveredmethods="5" conditionals="0" coveredconditionals="0" statements="16" coveredstatements="16" elements="21" coveredelements="21"/>
      </file>
    </package>
    <file name="/Volumes/LaCie/GitHub/_Bundles/api-component-bundle/src/Entity/ValidComponentInterface.php">
      <metrics loc="12" ncloc="12" classes="0" methods="0" coveredmethods="0" conditionals="0" coveredconditionals="0" statements="0" coveredstatements="0" elements="0" coveredelements="0"/>
    </file>
[...]
        <line num="93" type="stmt" count="7"/>
        <line num="94" type="stmt" count="7"/>
        <line num="95" type="stmt" count="7"/>
        <line num="97" type="stmt" count="7"/>
        <metrics loc="99" ncloc="70" classes="1" methods="5" coveredmethods="5" conditionals="0" coveredconditionals="0" statements="18" coveredstatements="18" elements="23" coveredelements="23"/>
      </file>
      <file name="/Volumes/LaCie/GitHub/_Bundles/api-component-bundle/src/Serializer/ApiNormalizer.php">
        <class name="Silverback\ApiComponentBundle\Serializer\ApiNormalizer" namespace="Silverback\ApiComponentBundle\Serializer">
          <metrics complexity="21" methods="8" coveredmethods="4" conditionals="0" coveredconditionals="0" statements="45" coveredstatements="40" elements="53" coveredelements="44"/>
        </class>
        <line num="34" type="method" name="__construct" visibility="public" complexity="2" crap="2.01" count="10"/>
        <line num="41" type="stmt" count="10"/>
        <line num="42" type="stmt" count="0"/>
        <line num="44" type="stmt" count="10"/>
        <line num="45" type="stmt" count="10"/>
        <line num="46" type="stmt" count="10"/>
        <line num="47" type="stmt" count="10"/>
        <line num="48" type="stmt" count="10"/>
        <line num="49" type="stmt" count="10"/>
        <line num="56" type="method" name="supportsNormalization" visibility="public" complexity="1" crap="1" count="3"/>
        <line num="58" type="stmt" count="3"/>
        <line num="70" type="method" name="normalize" visibility="public" complexity="5" crap="5.27" count="4"/>
        <line num="72" type="stmt" count="4"/>
        <line num="73" type="stmt" count="0"/>
        <line num="74" type="stmt" count="0"/>
        <line num="77" type="stmt" count="4"/>
        <line num="79" type="stmt" count="4"/>
        <line num="80" type="stmt" count="1"/>
        <line num="82" type="stmt" count="4"/>
        <line num="83" type="stmt" count="3"/>
        <line num="85" type="stmt" count="4"/>
        <line num="92" type="method" name="getFileData" visibility="private" complexity="5" crap="5.01" count="1"/>
        <line num="94" type="stmt" count="1"/>
        <line num="95" type="stmt" count="1"/>
        <line num="96" type="stmt" count="1"/>
        <line num="97" type="stmt" count="1"/>
        <line num="98" type="stmt" count="1"/>
        <line num="100" type="stmt" count="0"/>
        <line num="102" type="stmt" count="1"/>
        <line num="103" type="stmt" count="1"/>
        <line num="105" type="stmt" count="1"/>
        <line num="106" type="stmt" count="1"/>
        <line num="107" type="stmt" count="1"/>
        <line num="108" type="stmt" count="1"/>
        <line num="109" type="stmt" count="1"/>
        <line num="110" type="stmt" count="1"/>
        <line num="113" type="stmt" count="1"/>
        <line num="122" type="method" name="supportsDenormalization" visibility="public" complexity="1" crap="1" count="3"/>
        <line num="124" type="stmt" count="3"/>
        <line num="141" type="method" name="denormalize" visibility="public" complexity="1" crap="1" count="1"/>
        <line num="143" type="stmt" count="1"/>
        <line num="144" type="stmt" count="1"/>
        <line num="150" type="method" name="setSerializer" visibility="public" complexity="2" crap="2" count="5"/>
        <line num="152" type="stmt" count="5"/>
        <line num="153" type="stmt" count="5"/>
        <line num="155" type="stmt" count="5"/>
        <line num="161" type="method" name="isImagineSupportedFile" visibility="public" complexity="4" crap="4.07" count="3"/>
        <line num="163" type="stmt" count="3"/>
        <line num="164" type="stmt" count="0"/>
        <line num="167" type="stmt" count="3"/>
        <line num="168" type="stmt" count="2"/>
        <line num="169" type="stmt" count="2"/>
        <line num="171" type="stmt" count="3"/>
        <metrics loc="173" ncloc="120" classes="1" methods="8" coveredmethods="4" conditionals="0" coveredconditionals="0" statements="45" coveredstatements="40" elements="53" coveredelements="44"/>
      </file>
    </package>
    <package name="Silverback\ApiComponentBundle">
      <file name="/Volumes/LaCie/GitHub/_Bundles/api-component-bundle/src/SilverbackApiComponentBundle.php">
        <class name="Silverback\ApiComponentBundle\SilverbackApiComponentBundle" namespace="Silverback\ApiComponentBundle">
          <metrics complexity="3" methods="2" coveredmethods="0" conditionals="0" coveredconditionals="0" statements="7" coveredstatements="0" elements="9" coveredelements="0"/>
        </class>
        <line num="15" type="method" name="build" visibility="public" complexity="1" crap="2" count="0"/>
        <line num="17" type="stmt" count="0"/>
        <line num="18" type="stmt" count="0"/>
        <line num="19" type="stmt" count="0"/>
        <line num="20" type="stmt" count="0"/>
        <line num="25" type="method" name="addRegisterMappingsPass" visibility="private" complexity="2" crap="6" count="0"/>
        <line num="27" type="stmt" count="0"/>
        <line num="28" type="stmt" count="0"/>
        <line num="30" type="stmt" count="0"/>
        <metrics loc="31" ncloc="25" classes="1" methods="2" coveredmethods="0" conditionals="0" coveredconditionals="0" statements="7" coveredstatements="0" elements="9" coveredelements="0"/>
      </file>
    </package>
    <package name="Silverback\ApiComponentBundle\Swagger">
      <file name="/Volumes/LaCie/GitHub/_Bundles/api-component-bundle/src/Swagger/SwaggerDecorator.php">
        <class name="Silverback\ApiComponentBundle\Swagger\SwaggerDecorator" namespace="Silverback\ApiComponentBundle\Swagger">
          <metrics complexity="3" methods="3" coveredmethods="2" conditionals="0" coveredconditionals="0" statements="19" coveredstatements="3" elements="22" coveredelements="5"/>
        </class>
        <line num="11" type="method" name="__construct" visibility="public" complexity="1" crap="1" count="5"/>
        <line num="13" type="stmt" count="5"/>
        <line num="14" type="stmt" count="5"/>
        <line num="16" type="method" name="normalize" visibility="public" complexity="1" crap="2" count="0"/>
        <line num="19" type="stmt" count="0"/>
        <line num="21" type="stmt" count="0"/>
        <line num="22" type="stmt" count="0"/>
        <line num="24" type="stmt" count="0"/>
        <line num="25" type="stmt" count="0"/>
        <line num="26" type="stmt" count="0"/>
        <line num="27" type="stmt" count="0"/>
        <line num="45" type="stmt" count="0"/>
        <line num="46" type="stmt" count="0"/>
        <line num="47" type="stmt" count="0"/>
        <line num="53" type="stmt" count="0"/>
        <line num="54" type="stmt" count="0"/>
        <line num="56" type="stmt" count="0"/>
        <line num="57" type="stmt" count="0"/>
        <line num="58" type="stmt" count="0"/>
        <line num="60" type="stmt" count="0"/>
        <line num="63" type="method" name="supportsNormalization" visibility="public" complexity="1" crap="1" count="2"/>
        <line num="65" type="stmt" count="2"/>
        <metrics loc="67" ncloc="66" classes="1" methods="3" coveredmethods="2" conditionals="0" coveredconditionals="0" statements="19" coveredstatements="3" elements="22" coveredelements="5"/>
      </file>
    </package>
    <package name="Silverback\ApiComponentBundle\Validator">
      <file name="/Volumes/LaCie/GitHub/_Bundles/api-component-bundle/src/Validator/ClassNameValidator.php">
        <class name="Silverback\ApiComponentBundle\Validator\ClassNameValidator" namespace="Silverback\ApiComponentBundle\Validator">
          <metrics complexity="12" methods="4" coveredmethods="4" conditionals="0" coveredconditionals="0" statements="17" coveredstatements="17" elements="21" coveredelements="21"/>
        </class>
        <line num="16" type="method" name="isClassSame" visibility="public" complexity="3" crap="3" count="9"/>
        <line num="18" type="stmt" count="9"/>
        <line num="19" type="stmt" count="7"/>
        <line num="20" type="stmt" count="3"/>
        <line num="22" type="stmt" count="6"/>
        <line num="29" type="method" name="validateParameters" visibility="private" complexity="4" crap="4" count="9"/>
        <line num="31" type="stmt" count="9"/>
        <line num="32" type="stmt" count="1"/>
        <line num="34" type="stmt" count="8"/>
        <line num="35" type="stmt" count="1"/>
        <line num="37" type="stmt" count="7"/>
        <line num="45" type="method" name="isClassSameLazy" visibility="private" complexity="2" crap="2" count="6"/>
        <line num="47" type="stmt" count="6"/>
        <line num="48" type="stmt" count="3"/>
        <line num="49" type="stmt" count="3"/>
        <line num="51" type="stmt" count="4"/>
        <line num="61" type="method" name="validate" visibility="public" complexity="3" crap="3" count="2"/>
        <line num="63" type="stmt" count="2"/>
        <line num="64" type="stmt" count="2"/>
        <line num="65" type="stmt" count="2"/>
        <line num="68" type="stmt" count="1"/>
        <metrics loc="70" ncloc="47" classes="1" methods="4" coveredmethods="4" conditionals="0" coveredconditionals="0" statements="17" coveredstatements="17" elements="21" coveredelements="21"/>
      </file>
    </package>
    <package name="Silverback\ApiComponentBundle\Validator\Constraints">
      <file name="/Volumes/LaCie/GitHub/_Bundles/api-component-bundle/src/Validator/Constraints/ComponentLocation.php">
        <class name="Silverback\ApiComponentBundle\Validator\Constraints\ComponentLocation" namespace="Silverback\ApiComponentBundle\Validator\Constraints" fullPackage="Silverback" package="Silverback">
          <metrics complexity="1" methods="1" coveredmethods="1" conditionals="0" coveredconditionals="0" statements="1" coveredstatements="1" elements="2" coveredelements="2"/>
        </class>
        <line num="17" type="method" name="getTargets" visibility="public" complexity="1" crap="1" count="4"/>
        <line num="19" type="stmt" count="4"/>
        <metrics loc="21" ncloc="15" classes="1" methods="1" coveredmethods="1" conditionals="0" coveredconditionals="0" statements="1" coveredstatements="1" elements="2" coveredelements="2"/>
      </file>
      <file name="/Volumes/LaCie/GitHub/_Bundles/api-component-bundle/src/Validator/Constraints/ComponentLocationValidator.php">
        <class name="Silverback\ApiComponentBundle\Validator\Constraints\ComponentLocationValidator" namespace="Silverback\ApiComponentBundle\Validator\Constraints">
          <metrics complexity="8" methods="2" coveredmethods="2" conditionals="0" coveredconditionals="0" statements="20" coveredstatements="20" elements="22" coveredelements="22"/>
        </class>
        <line num="19" type="method" name="validate" visibility="public" complexity="4" crap="4" count="4"/>
        <line num="21" type="stmt" count="4"/>
        <line num="22" type="stmt" count="1"/>
        <line num="23" type="stmt" count="1"/>
        <line num="26" type="stmt" count="3"/>
        <line num="27" type="stmt" count="3"/>
        <line num="29" type="stmt" count="2"/>
        <line num="30" type="stmt" count="2"/>
        <line num="31" type="stmt" count="2"/>
        <line num="32" type="stmt" count="1"/>
        <line num="33" type="stmt" count="1"/>
        <line num="34" type="stmt" count="1"/>
        <line num="35" type="stmt" count="1"/>
        <line num="38" type="stmt" count="3"/>
        <line num="46" type="method" name="validateValidComponentInterface" visibility="private" complexity="4" crap="4" count="2"/>
        <line num="48" type="stmt" count="2"/>
        <line num="49" type="stmt" count="2"/>
        <line num="50" type="stmt" count="2"/>
        <line num="51" type="stmt" count="2"/>
        <line num="52" type="stmt" count="2"/>
        <line num="53" type="stmt" count="2"/>
        <line num="57" type="stmt" count="2"/>
        <metrics loc="59" ncloc="47" classes="1" methods="2" coveredmethods="2" conditionals="0" coveredconditionals="0" statements="20" coveredstatements="20" elements="22" coveredelements="22"/>
      </file>
      <file name="/Volumes/LaCie/GitHub/_Bundles/api-component-bundle/src/Validator/Constraints/ComponentTypeClasses.php">
        <class name="Silverback\ApiComponentBundle\Validator\Constraints\ComponentTypeClasses" namespace="Silverback\ApiComponentBundle\Validator\Constraints" fullPackage="Silverback" package="Silverback">
          <metrics complexity="0" methods="0" coveredmethods="0" conditionals="0" coveredconditionals="0" statements="0" coveredstatements="0" elements="0" coveredelements="0"/>
        </class>
        <metrics loc="16" ncloc="10" classes="0" methods="0" coveredmethods="0" conditionals="0" coveredconditionals="0" statements="0" coveredstatements="0" elements="0" coveredelements="0"/>
      </file>
      <file name="/Volumes/LaCie/GitHub/_Bundles/api-component-bundle/src/Validator/Constraints/ComponentTypeClassesValidator.php">
        <class name="Silverback\ApiComponentBundle\Validator\Constraints\ComponentTypeClassesValidator" namespace="Silverback\ApiComponentBundle\Validator\Constraints">
          <metrics complexity="5" methods="1" coveredmethods="0" conditionals="0" coveredconditionals="0" statements="23" coveredstatements="8" elements="24" coveredelements="8"/>
        </class>
        <line num="19" type="method" name="validate" visibility="public" complexity="5" crap="11.93" count="1"/>
        <line num="21" type="stmt" count="1"/>
        <line num="22" type="stmt" count="0"/>
        <line num="23" type="stmt" count="0"/>
        <line num="24" type="stmt" count="0"/>
        <line num="26" type="stmt" count="0"/>
        <line num="29" type="stmt" count="1"/>
        <line num="31" type="stmt" count="1"/>
        <line num="32" type="stmt" count="1"/>
        <line num="33" type="stmt" count="1"/>
        <line num="34" type="stmt" count="0"/>
        <line num="35" type="stmt" count="0"/>
        <line num="38" type="stmt" count="0"/>
        <line num="39" type="stmt" count="0"/>
        <line num="40" type="stmt" count="0"/>
        <line num="41" type="stmt" count="0"/>
        <line num="43" type="stmt" count="1"/>
        <line num="45" type="stmt" count="0"/>
        <line num="46" type="stmt" count="0"/>
        <line num="47" type="stmt" count="0"/>
        <line num="48" type="stmt" count="0"/>
        <line num="49" type="stmt" count="0"/>
        <line num="51" type="stmt" count="1"/>
        <line num="54" type="stmt" count="1"/>
        <metrics loc="55" ncloc="50" classes="1" methods="1" coveredmethods="0" conditionals="0" coveredconditionals="0" statements="23" coveredstatements="8" elements="24" coveredelements="8"/>
      </file>
      <file name="/Volumes/LaCie/GitHub/_Bundles/api-component-bundle/src/Validator/Constraints/FormHandlerClass.php">
        <class name="Silverback\ApiComponentBundle\Validator\Constraints\FormHandlerClass" namespace="Silverback\ApiComponentBundle\Validator\Constraints" fullPackage="Silverback" package="Silverback">
          <metrics complexity="0" methods="0" coveredmethods="0" conditionals="0" coveredconditionals="0" statements="0" coveredstatements="0" elements="0" coveredelements="0"/>
        </class>
        <metrics loc="16" ncloc="10" classes="0" methods="0" coveredmethods="0" conditionals="0" coveredconditionals="0" statements="0" coveredstatements="0" elements="0" coveredelements="0"/>
      </file>
      <file name="/Volumes/LaCie/GitHub/_Bundles/api-component-bundle/src/Validator/Constraints/FormHandlerClassValidator.php">
        <class name="Silverback\ApiComponentBundle\Validator\Constraints\FormHandlerClassValidator" namespace="Silverback\ApiComponentBundle\Validator\Constraints">
          <metrics complexity="5" methods="2" coveredmethods="1" conditionals="0" coveredconditionals="0" statements="18" coveredstatements="7" elements="20" coveredelements="8"/>
        </class>
        <line num="15" type="method" name="__construct" visibility="public" complexity="1" crap="1" count="1"/>
        <line num="18" type="stmt" count="1"/>
        <line num="19" type="stmt" count="1"/>
        <line num="21" type="method" name="validate" visibility="public" complexity="4" crap="9.20" count="1"/>
        <line num="23" type="stmt" count="1"/>
        <line num="24" type="stmt" count="0"/>
        <line num="27" type="stmt" count="1"/>
        <line num="28" type="stmt" count="1"/>
        <line num="29" type="stmt" count="0"/>
        <line num="30" type="stmt" count="0"/>
        <line num="33" type="stmt" count="0"/>
        <line num="34" type="stmt" count="0"/>
        <line num="35" type="stmt" count="0"/>
        <line num="36" type="stmt" count="1"/>
        <line num="39" type="stmt" count="0"/>
        <line num="40" type="stmt" count="0"/>
        <line num="41" type="stmt" count="0"/>
        <line num="42" type="stmt" count="0"/>
        <line num="43" type="stmt" count="0"/>
        <line num="46" type="stmt" count="1"/>
        <metrics loc="47" ncloc="47" classes="1" methods="2" coveredmethods="1" conditionals="0" coveredconditionals="0" statements="18" coveredstatements="7" elements="20" coveredelements="8"/>
      </file>
      <file name="/Volumes/LaCie/GitHub/_Bundles/api-component-bundle/src/Validator/Constraints/FormTypeClass.php">
        <class name="Silverback\ApiComponentBundle\Validator\Constraints\FormTypeClass" namespace="Silverback\ApiComponentBundle\Validator\Constraints" fullPackage="Silverback" package="Silverback">
          <metrics complexity="0" methods="0" coveredmethods="0" conditionals="0" coveredconditionals="0" statements="0" coveredstatements="0" elements="0" coveredelements="0"/>
        </class>
        <metrics loc="16" ncloc="10" classes="0" methods="0" coveredmethods="0" conditionals="0" coveredconditionals="0" statements="0" coveredstatements="0" elements="0" coveredelements="0"/>
      </file>
      <file name="/Volumes/LaCie/GitHub/_Bundles/api-component-bundle/src/Validator/Constraints/FormTypeClassValidator.php">
        <class name="Silverback\ApiComponentBundle\Validator\Constraints\FormTypeClassValidator" namespace="Silverback\ApiComponentBundle\Validator\Constraints">
          <metrics complexity="4" methods="2" coveredmethods="1" conditionals="0" coveredconditionals="0" statements="16" coveredstatements="6" elements="18" coveredelements="7"/>
        </class>
        <line num="16" type="method" name="__construct" visibility="public" complexity="1" crap="1" count="1"/>
        <line num="19" type="stmt" count="1"/>
        <line num="20" type="stmt" count="1"/>
        <line num="27" type="method" name="validate" visibility="public" complexity="3" crap="6.28" count="1"/>
        <line num="30" type="stmt" count="1"/>
        <line num="31" type="stmt" count="1"/>
        <line num="32" type="stmt" count="0"/>
        <line num="33" type="stmt" count="0"/>
        <line num="37" type="stmt" count="0"/>
        <line num="38" type="stmt" count="0"/>
        <line num="39" type="stmt" count="0"/>
        <line num="40" type="stmt" count="1"/>
        <line num="43" type="stmt" count="0"/>
        <line num="44" type="stmt" count="0"/>
        <line num="45" type="stmt" count="0"/>
        <line num="46" type="stmt" count="0"/>
        <line num="47" type="stmt" count="0"/>
        <line num="50" type="stmt" count="1"/>
        <metrics loc="51" ncloc="46" classes="1" methods="2" coveredmethods="1" conditionals="0" coveredconditionals="0" statements="16" coveredstatements="6" elements="18" coveredelements="7"/>
      </file>
    </package>
    <metrics files="106" loc="5750" ncloc="4051" classes="84" methods="294" coveredmethods="224" conditionals="0" coveredconditionals="0" statements="1070" coveredstatements="798" elements="1364" coveredelements="1022"/>
  </project>
</coverage>
